Traceback (most recent call last):
  File "/home/ubuntu/.venv/lib/python3.10/site-packages/lockfile/pidlockfile.py", line 77, in acquire
    write_pid_to_pidfile(self.path)
  File "/home/ubuntu/.venv/lib/python3.10/site-packages/lockfile/pidlockfile.py", line 161, in write_pid_to_pidfile
    pidfile_fd = os.open(pidfile_path, open_flags, open_mode)
FileExistsError: [Errno 17] File exists: '/home/ubuntu/theinsightco_project/data_pipeline/airflow/airflow-scheduler.pid'

During handling of the above exception, another exception occurred:

Traceback (most recent call last):
  File "/home/ubuntu/.venv/bin/airflow", line 8, in <module>
    sys.exit(main())
  File "/home/ubuntu/.venv/lib/python3.10/site-packages/airflow/__main__.py", line 39, in main
    args.func(args)
  File "/home/ubuntu/.venv/lib/python3.10/site-packages/airflow/cli/cli_parser.py", line 52, in command
    return func(*args, **kwargs)
  File "/home/ubuntu/.venv/lib/python3.10/site-packages/airflow/utils/cli.py", line 103, in wrapper
    return f(*args, **kwargs)
  File "/home/ubuntu/.venv/lib/python3.10/site-packages/airflow/cli/commands/scheduler_command.py", line 79, in scheduler
    with ctx:
  File "/home/ubuntu/.venv/lib/python3.10/site-packages/daemon/daemon.py", line 365, in __enter__
    self.open()
  File "/home/ubuntu/.venv/lib/python3.10/site-packages/daemon/daemon.py", line 357, in open
    self.pidfile.__enter__()
  File "/home/ubuntu/.venv/lib/python3.10/site-packages/lockfile/__init__.py", line 197, in __enter__
    self.acquire()
  File "/home/ubuntu/.venv/lib/python3.10/site-packages/daemon/pidfile.py", line 49, in acquire
    super().acquire(timeout, *args, **kwargs)
  File "/home/ubuntu/.venv/lib/python3.10/site-packages/lockfile/pidlockfile.py", line 87, in acquire
    raise AlreadyLocked("%s is already locked" %
lockfile.AlreadyLocked: /home/ubuntu/theinsightco_project/data_pipeline/airflow/airflow-scheduler.pid is already locked
/home/ubuntu/.venv/lib/python3.10/site-packages/airflow/plugins_manager.py:258 RemovedInAirflow3Warning: This decorator is deprecated.

In previous versions, all subclasses of BaseOperator must use apply_default decorator for the `default_args` feature to work properly.

In current version, it is optional. The decorator is applied automatically using the metaclass.

/home/ubuntu/.venv/lib/python3.10/site-packages/airflow/plugins_manager.py:258 RemovedInAirflow3Warning: This decorator is deprecated.

In previous versions, all subclasses of BaseOperator must use apply_default decorator for the `default_args` feature to work properly.

In current version, it is optional. The decorator is applied automatically using the metaclass.

/home/ubuntu/.venv/lib/python3.10/site-packages/airflow/plugins_manager.py:258 RemovedInAirflow3Warning: This decorator is deprecated.

In previous versions, all subclasses of BaseOperator must use apply_default decorator for the `default_args` feature to work properly.

In current version, it is optional. The decorator is applied automatically using the metaclass.

/home/ubuntu/.venv/lib/python3.10/site-packages/airflow/plugins_manager.py:258 RemovedInAirflow3Warning: This decorator is deprecated.

In previous versions, all subclasses of BaseOperator must use apply_default decorator for the `default_args` feature to work properly.

In current version, it is optional. The decorator is applied automatically using the metaclass.

/home/ubuntu/.venv/lib/python3.10/site-packages/airflow/plugins_manager.py:258 RemovedInAirflow3Warning: This decorator is deprecated.

In previous versions, all subclasses of BaseOperator must use apply_default decorator for the `default_args` feature to work properly.

In current version, it is optional. The decorator is applied automatically using the metaclass.

/home/ubuntu/.venv/lib/python3.10/site-packages/airflow/plugins_manager.py:258 RemovedInAirflow3Warning: This decorator is deprecated.

In previous versions, all subclasses of BaseOperator must use apply_default decorator for the `default_args` feature to work properly.

In current version, it is optional. The decorator is applied automatically using the metaclass.

/home/ubuntu/.venv/lib/python3.10/site-packages/airflow/plugins_manager.py:258 RemovedInAirflow3Warning: This decorator is deprecated.

In previous versions, all subclasses of BaseOperator must use apply_default decorator for the `default_args` feature to work properly.

In current version, it is optional. The decorator is applied automatically using the metaclass.

/home/ubuntu/.venv/lib/python3.10/site-packages/airflow/plugins_manager.py:258 RemovedInAirflow3Warning: This decorator is deprecated.

In previous versions, all subclasses of BaseOperator must use apply_default decorator for the `default_args` feature to work properly.

In current version, it is optional. The decorator is applied automatically using the metaclass.

/home/ubuntu/.venv/lib/python3.10/site-packages/airflow/plugins_manager.py:258 RemovedInAirflow3Warning: This decorator is deprecated.

In previous versions, all subclasses of BaseOperator must use apply_default decorator for the `default_args` feature to work properly.

In current version, it is optional. The decorator is applied automatically using the metaclass.

/home/ubuntu/.venv/lib/python3.10/site-packages/airflow/plugins_manager.py:258 RemovedInAirflow3Warning: This decorator is deprecated.

In previous versions, all subclasses of BaseOperator must use apply_default decorator for the `default_args` feature to work properly.

In current version, it is optional. The decorator is applied automatically using the metaclass.

/home/ubuntu/.venv/lib/python3.10/site-packages/airflow/plugins_manager.py:258 RemovedInAirflow3Warning: This decorator is deprecated.

In previous versions, all subclasses of BaseOperator must use apply_default decorator for the `default_args` feature to work properly.

In current version, it is optional. The decorator is applied automatically using the metaclass.

/home/ubuntu/.venv/lib/python3.10/site-packages/airflow/plugins_manager.py:258 RemovedInAirflow3Warning: This decorator is deprecated.

In previous versions, all subclasses of BaseOperator must use apply_default decorator for the `default_args` feature to work properly.

In current version, it is optional. The decorator is applied automatically using the metaclass.

/home/ubuntu/.venv/lib/python3.10/site-packages/airflow/plugins_manager.py:258 RemovedInAirflow3Warning: This decorator is deprecated.

In previous versions, all subclasses of BaseOperator must use apply_default decorator for the `default_args` feature to work properly.

In current version, it is optional. The decorator is applied automatically using the metaclass.

/home/ubuntu/.venv/lib/python3.10/site-packages/airflow/plugins_manager.py:258 RemovedInAirflow3Warning: This decorator is deprecated.

In previous versions, all subclasses of BaseOperator must use apply_default decorator for the `default_args` feature to work properly.

In current version, it is optional. The decorator is applied automatically using the metaclass.

/home/ubuntu/.venv/lib/python3.10/site-packages/airflow/plugins_manager.py:258 RemovedInAirflow3Warning: This decorator is deprecated.

In previous versions, all subclasses of BaseOperator must use apply_default decorator for the `default_args` feature to work properly.

In current version, it is optional. The decorator is applied automatically using the metaclass.

/home/ubuntu/.venv/lib/python3.10/site-packages/airflow/plugins_manager.py:258 RemovedInAirflow3Warning: This decorator is deprecated.

In previous versions, all subclasses of BaseOperator must use apply_default decorator for the `default_args` feature to work properly.

In current version, it is optional. The decorator is applied automatically using the metaclass.

/home/ubuntu/.venv/lib/python3.10/site-packages/airflow/plugins_manager.py:258 RemovedInAirflow3Warning: This decorator is deprecated.

In previous versions, all subclasses of BaseOperator must use apply_default decorator for the `default_args` feature to work properly.

In current version, it is optional. The decorator is applied automatically using the metaclass.

/home/ubuntu/.venv/lib/python3.10/site-packages/airflow/plugins_manager.py:258 RemovedInAirflow3Warning: This decorator is deprecated.

In previous versions, all subclasses of BaseOperator must use apply_default decorator for the `default_args` feature to work properly.

In current version, it is optional. The decorator is applied automatically using the metaclass.

/home/ubuntu/.venv/lib/python3.10/site-packages/airflow/plugins_manager.py:258 RemovedInAirflow3Warning: This decorator is deprecated.

In previous versions, all subclasses of BaseOperator must use apply_default decorator for the `default_args` feature to work properly.

In current version, it is optional. The decorator is applied automatically using the metaclass.

/home/ubuntu/.venv/lib/python3.10/site-packages/airflow/plugins_manager.py:258 RemovedInAirflow3Warning: This decorator is deprecated.

In previous versions, all subclasses of BaseOperator must use apply_default decorator for the `default_args` feature to work properly.

In current version, it is optional. The decorator is applied automatically using the metaclass.

/home/ubuntu/.venv/lib/python3.10/site-packages/airflow/plugins_manager.py:258 RemovedInAirflow3Warning: This decorator is deprecated.

In previous versions, all subclasses of BaseOperator must use apply_default decorator for the `default_args` feature to work properly.

In current version, it is optional. The decorator is applied automatically using the metaclass.

/home/ubuntu/.venv/lib/python3.10/site-packages/airflow/plugins_manager.py:258 RemovedInAirflow3Warning: This decorator is deprecated.

In previous versions, all subclasses of BaseOperator must use apply_default decorator for the `default_args` feature to work properly.

In current version, it is optional. The decorator is applied automatically using the metaclass.

/home/ubuntu/.venv/lib/python3.10/site-packages/airflow/plugins_manager.py:258 RemovedInAirflow3Warning: This decorator is deprecated.

In previous versions, all subclasses of BaseOperator must use apply_default decorator for the `default_args` feature to work properly.

In current version, it is optional. The decorator is applied automatically using the metaclass.

/home/ubuntu/.venv/lib/python3.10/site-packages/airflow/plugins_manager.py:258 RemovedInAirflow3Warning: This decorator is deprecated.

In previous versions, all subclasses of BaseOperator must use apply_default decorator for the `default_args` feature to work properly.

In current version, it is optional. The decorator is applied automatically using the metaclass.

/home/ubuntu/.venv/lib/python3.10/site-packages/airflow/plugins_manager.py:258 RemovedInAirflow3Warning: This decorator is deprecated.

In previous versions, all subclasses of BaseOperator must use apply_default decorator for the `default_args` feature to work properly.

In current version, it is optional. The decorator is applied automatically using the metaclass.

[2022-11-18 08:59:54 +0000] [3779] [WARNING] Worker with pid 3782 was terminated due to signal 1
[2022-11-18 08:59:54 +0000] [3779] [WARNING] Worker with pid 3780 was terminated due to signal 1
[2022-11-18 08:59:54 +0000] [17615] [INFO] Booting worker with pid: 17615
[2022-11-18 08:59:54 +0000] [3779] [INFO] Handling signal: hup
[2022-11-18 08:59:54 +0000] [3779] [INFO] Hang up: Master
[2022-11-18 08:59:54 +0000] [3779] [INFO] Handling signal: term
[2022-11-18 08:59:54 +0000] [17618] [INFO] Booting worker with pid: 17618
[2022-11-18 08:59:54 +0000] [17620] [INFO] Booting worker with pid: 17620
[2022-11-18 09:00:24 +0000] [3779] [INFO] Shutting down: Master
